# JRE version: Java(TM) SE Runtime Environment (8.0_191-b12) (build 1.8.0_191-b12)
# Java VM: Java HotSpot(TM) 64-Bit Server VM (25.191-b12 mixed mode linux-amd64 compressed oops)
Heap:
 PSYoungGen      total 36864K, used 23563K [0x00000000d7200000, 0x00000000d9b00000, 0x0000000100000000)
  eden space 31744K, 74% used [0x00000000d7200000,0x00000000d8902d60,0x00000000d9100000)
  from space 5120K, 0% used [0x00000000d9600000,0x00000000d9600000,0x00000000d9b00000)
  to   space 5120K, 0% used [0x00000000d9100000,0x00000000d9100000,0x00000000d9600000)
 ParOldGen       total 69632K, used 9011K [0x0000000085600000, 0x0000000089a00000, 0x00000000d7200000)
  object space 69632K, 12% used [0x0000000085600000,0x0000000085ecce80,0x0000000089a00000)
 Metaspace       used 30485K, capacity 31950K, committed 32128K, reserved 1077248K
  class space    used 4117K, capacity 4417K, committed 4480K, reserved 1048576K
GC Heap History (6 events):
Event: 1.252 GC heap before
{Heap before GC invocations=1 (full 0):
 PSYoungGen      total 36864K, used 31744K [0x00000000d7200000, 0x00000000d9b00000, 0x0000000100000000)
  eden space 31744K, 100% used [0x00000000d7200000,0x00000000d9100000,0x00000000d9100000)
  from space 5120K, 0% used [0x00000000d9600000,0x00000000d9600000,0x00000000d9b00000)
  to   space 5120K, 0% used [0x00000000d9100000,0x00000000d9100000,0x00000000d9600000)
 ParOldGen       total 84992K, used 0K [0x0000000085600000, 0x000000008a900000, 0x00000000d7200000)
  object space 84992K, 0% used [0x0000000085600000,0x0000000085600000,0x000000008a900000)
 Metaspace       used 15117K, capacity 15772K, committed 16000K, reserved 1062912K
  class space    used 2161K, capacity 2334K, committed 2432K, reserved 1048576K
Event: 1.258 GC heap after
Heap after GC invocations=1 (full 0):
 PSYoungGen      total 36864K, used 5088K [0x00000000d7200000, 0x00000000d9b00000, 0x0000000100000000)
  eden space 31744K, 0% used [0x00000000d7200000,0x00000000d7200000,0x00000000d9100000)
  from space 5120K, 99% used [0x00000000d9100000,0x00000000d95f8040,0x00000000d9600000)
  to   space 5120K, 0% used [0x00000000d9600000,0x00000000d9600000,0x00000000d9b00000)
 ParOldGen       total 84992K, used 267K [0x0000000085600000, 0x000000008a900000, 0x00000000d7200000)
  object space 84992K, 0% used [0x0000000085600000,0x0000000085642ff8,0x000000008a900000)
 Metaspace       used 15117K, capacity 15772K, committed 16000K, reserved 1062912K
  class space    used 2161K, capacity 2334K, committed 2432K, reserved 1048576K
}
Event: 5.090 GC heap before
{Heap before GC invocations=2 (full 0):
 PSYoungGen      total 36864K, used 24442K [0x00000000d7200000, 0x00000000d9b00000, 0x0000000100000000)
  eden space 31744K, 60% used [0x00000000d7200000,0x00000000d84e68f8,0x00000000d9100000)
  from space 5120K, 99% used [0x00000000d9100000,0x00000000d95f8040,0x00000000d9600000)
  to   space 5120K, 0% used [0x00000000d9600000,0x00000000d9600000,0x00000000d9b00000)
 ParOldGen       total 84992K, used 267K [0x0000000085600000, 0x000000008a900000, 0x00000000d7200000)
  object space 84992K, 0% used [0x0000000085600000,0x0000000085642ff8,0x000000008a900000)
 Metaspace       used 20021K, capacity 21256K, committed 21296K, reserved 1067008K
  class space    used 2924K, capacity 3192K, committed 3200K, reserved 1048576K
Event: 5.101 GC heap after
Heap after GC invocations=2 (full 0):
 PSYoungGen      total 36864K, used 5094K [0x00000000d7200000, 0x00000000d9b00000, 0x0000000100000000)
  eden space 31744K, 0% used [0x00000000d7200000,0x00000000d7200000,0x00000000d9100000)
  from space 5120K, 99% used [0x00000000d9600000,0x00000000d9af9860,0x00000000d9b00000)
  to   space 5120K, 0% used [0x00000000d9100000,0x00000000d9100000,0x00000000d9600000)
 ParOldGen       total 84992K, used 4206K [0x0000000085600000, 0x000000008a900000, 0x00000000d7200000)
  object space 84992K, 4% used [0x0000000085600000,0x0000000085a1b850,0x000000008a900000)
 Metaspace       used 20021K, capacity 21256K, committed 21296K, reserved 1067008K
  class space    used 2924K, capacity 3192K, committed 3200K, reserved 1048576K
}
Event: 5.101 GC heap before
{Heap before GC invocations=3 (full 1):
 PSYoungGen      total 36864K, used 5094K [0x00000000d7200000, 0x00000000d9b00000, 0x0000000100000000)
  eden space 31744K, 0% used [0x00000000d7200000,0x00000000d7200000,0x00000000d9100000)
  from space 5120K, 99% used [0x00000000d9600000,0x00000000d9af9860,0x00000000d9b00000)
  to   space 5120K, 0% used [0x00000000d9100000,0x00000000d9100000,0x00000000d9600000)
 ParOldGen       total 84992K, used 4206K [0x0000000085600000, 0x000000008a900000, 0x00000000d7200000)
  object space 84992K, 4% used [0x0000000085600000,0x0000000085a1b850,0x000000008a900000)
 Metaspace       used 20021K, capacity 21256K, committed 21296K, reserved 1067008K
  class space    used 2924K, capacity 3192K, committed 3200K, reserved 1048576K
Event: 5.157 GC heap after
Heap after GC invocations=3 (full 1):
 PSYoungGen      total 36864K, used 0K [0x00000000d7200000, 0x00000000d9b00000, 0x0000000100000000)
  eden space 31744K, 0% used [0x00000000d7200000,0x00000000d7200000,0x00000000d9100000)
  from space 5120K, 0% used [0x00000000d9600000,0x00000000d9600000,0x00000000d9b00000)
  to   space 5120K, 0% used [0x00000000d9100000,0x00000000d9100000,0x00000000d9600000)
 ParOldGen       total 69632K, used 9011K [0x0000000085600000, 0x0000000089a00000, 0x00000000d7200000)
  object space 69632K, 12% used [0x0000000085600000,0x0000000085ecce80,0x0000000089a00000)
 Metaspace       used 20021K, capacity 21256K, committed 21296K, reserved 1067008K
  class space    used 2924K, capacity 3192K, committed 3200K, reserved 1048576K
}

