# JRE version: Java(TM) SE Runtime Environment (8.0_191-b12) (build 1.8.0_191-b12)
# Java VM: Java HotSpot(TM) 64-Bit Server VM (25.191-b12 mixed mode linux-amd64 compressed oops)
Heap:
 PSYoungGen      total 36864K, used 5934K [0x00000000d7200000, 0x00000000d9b00000, 0x0000000100000000)
  eden space 31744K, 18% used [0x00000000d7200000,0x00000000d77cb9a0,0x00000000d9100000)
  from space 5120K, 0% used [0x00000000d9600000,0x00000000d9600000,0x00000000d9b00000)
  to   space 5120K, 0% used [0x00000000d9100000,0x00000000d9100000,0x00000000d9600000)
 ParOldGen       total 67072K, used 7945K [0x0000000085600000, 0x0000000089780000, 0x00000000d7200000)
  object space 67072K, 11% used [0x0000000085600000,0x0000000085dc2780,0x0000000089780000)
 Metaspace       used 25875K, capacity 27152K, committed 27520K, reserved 1073152K
  class space    used 3674K, capacity 3928K, committed 3968K, reserved 1048576K
GC Heap History (6 events):
Event: 1.142 GC heap before
{Heap before GC invocations=1 (full 0):
 PSYoungGen      total 36864K, used 31744K [0x00000000d7200000, 0x00000000d9b00000, 0x0000000100000000)
  eden space 31744K, 100% used [0x00000000d7200000,0x00000000d9100000,0x00000000d9100000)
  from space 5120K, 0% used [0x00000000d9600000,0x00000000d9600000,0x00000000d9b00000)
  to   space 5120K, 0% used [0x00000000d9100000,0x00000000d9100000,0x00000000d9600000)
 ParOldGen       total 84992K, used 0K [0x0000000085600000, 0x000000008a900000, 0x00000000d7200000)
  object space 84992K, 0% used [0x0000000085600000,0x0000000085600000,0x000000008a900000)
 Metaspace       used 15075K, capacity 15704K, committed 16000K, reserved 1062912K
  class space    used 2162K, capacity 2334K, committed 2432K, reserved 1048576K
Event: 1.148 GC heap after
Heap after GC invocations=1 (full 0):
 PSYoungGen      total 36864K, used 5104K [0x00000000d7200000, 0x00000000d9b00000, 0x0000000100000000)
  eden space 31744K, 0% used [0x00000000d7200000,0x00000000d7200000,0x00000000d9100000)
  from space 5120K, 99% used [0x00000000d9100000,0x00000000d95fc050,0x00000000d9600000)
  to   space 5120K, 0% used [0x00000000d9600000,0x00000000d9600000,0x00000000d9b00000)
 ParOldGen       total 84992K, used 243K [0x0000000085600000, 0x000000008a900000, 0x00000000d7200000)
  object space 84992K, 0% used [0x0000000085600000,0x000000008563cff8,0x000000008a900000)
 Metaspace       used 15075K, capacity 15704K, committed 16000K, reserved 1062912K
  class space    used 2162K, capacity 2334K, committed 2432K, reserved 1048576K
}
Event: 4.115 GC heap before
{Heap before GC invocations=2 (full 0):
 PSYoungGen      total 36864K, used 20527K [0x00000000d7200000, 0x00000000d9b00000, 0x0000000100000000)
  eden space 31744K, 48% used [0x00000000d7200000,0x00000000d810ff20,0x00000000d9100000)
  from space 5120K, 99% used [0x00000000d9100000,0x00000000d95fc050,0x00000000d9600000)
  to   space 5120K, 0% used [0x00000000d9600000,0x00000000d9600000,0x00000000d9b00000)
 ParOldGen       total 84992K, used 243K [0x0000000085600000, 0x000000008a900000, 0x00000000d7200000)
  object space 84992K, 0% used [0x0000000085600000,0x000000008563cff8,0x000000008a900000)
 Metaspace       used 19968K, capacity 21194K, committed 21296K, reserved 1067008K
  class space    used 2906K, capacity 3141K, committed 3200K, reserved 1048576K
Event: 4.124 GC heap after
Heap after GC invocations=2 (full 0):
 PSYoungGen      total 36864K, used 5088K [0x00000000d7200000, 0x00000000d9b00000, 0x0000000100000000)
  eden space 31744K, 0% used [0x00000000d7200000,0x00000000d7200000,0x00000000d9100000)
  from space 5120K, 99% used [0x00000000d9600000,0x00000000d9af8068,0x00000000d9b00000)
  to   space 5120K, 0% used [0x00000000d9100000,0x00000000d9100000,0x00000000d9600000)
 ParOldGen       total 84992K, used 3102K [0x0000000085600000, 0x000000008a900000, 0x00000000d7200000)
  object space 84992K, 3% used [0x0000000085600000,0x0000000085907a88,0x000000008a900000)
 Metaspace       used 19968K, capacity 21194K, committed 21296K, reserved 1067008K
  class space    used 2906K, capacity 3141K, committed 3200K, reserved 1048576K
}
Event: 4.124 GC heap before
{Heap before GC invocations=3 (full 1):
 PSYoungGen      total 36864K, used 5088K [0x00000000d7200000, 0x00000000d9b00000, 0x0000000100000000)
  eden space 31744K, 0% used [0x00000000d7200000,0x00000000d7200000,0x00000000d9100000)
  from space 5120K, 99% used [0x00000000d9600000,0x00000000d9af8068,0x00000000d9b00000)
  to   space 5120K, 0% used [0x00000000d9100000,0x00000000d9100000,0x00000000d9600000)
 ParOldGen       total 84992K, used 3102K [0x0000000085600000, 0x000000008a900000, 0x00000000d7200000)
  object space 84992K, 3% used [0x0000000085600000,0x0000000085907a88,0x000000008a900000)
 Metaspace       used 19968K, capacity 21194K, committed 21296K, reserved 1067008K
  class space    used 2906K, capacity 3141K, committed 3200K, reserved 1048576K
Event: 4.170 GC heap after
Heap after GC invocations=3 (full 1):
 PSYoungGen      total 36864K, used 0K [0x00000000d7200000, 0x00000000d9b00000, 0x0000000100000000)
  eden space 31744K, 0% used [0x00000000d7200000,0x00000000d7200000,0x00000000d9100000)
  from space 5120K, 0% used [0x00000000d9600000,0x00000000d9600000,0x00000000d9b00000)
  to   space 5120K, 0% used [0x00000000d9100000,0x00000000d9100000,0x00000000d9600000)
 ParOldGen       total 67072K, used 7945K [0x0000000085600000, 0x0000000089780000, 0x00000000d7200000)
  object space 67072K, 11% used [0x0000000085600000,0x0000000085dc2780,0x0000000089780000)
 Metaspace       used 19968K, capacity 21194K, committed 21296K, reserved 1067008K
  class space    used 2906K, capacity 3141K, committed 3200K, reserved 1048576K
}

