# JRE version: Java(TM) SE Runtime Environment (8.0_191-b12) (build 1.8.0_191-b12)
# Java VM: Java HotSpot(TM) 64-Bit Server VM (25.191-b12 mixed mode linux-amd64 compressed oops)
Heap:
 PSYoungGen      total 36864K, used 5768K [0x00000000d7200000, 0x00000000d9b00000, 0x0000000100000000)
  eden space 31744K, 18% used [0x00000000d7200000,0x00000000d77a2338,0x00000000d9100000)
  from space 5120K, 0% used [0x00000000d9600000,0x00000000d9600000,0x00000000d9b00000)
  to   space 5120K, 0% used [0x00000000d9100000,0x00000000d9100000,0x00000000d9600000)
 ParOldGen       total 64512K, used 7955K [0x0000000085600000, 0x0000000089500000, 0x00000000d7200000)
  object space 64512K, 12% used [0x0000000085600000,0x0000000085dc4c90,0x0000000089500000)
 Metaspace       used 25968K, capacity 27244K, committed 27520K, reserved 1073152K
  class space    used 3692K, capacity 3960K, committed 3968K, reserved 1048576K
GC Heap History (6 events):
Event: 1.190 GC heap before
{Heap before GC invocations=1 (full 0):
 PSYoungGen      total 36864K, used 31744K [0x00000000d7200000, 0x00000000d9b00000, 0x0000000100000000)
  eden space 31744K, 100% used [0x00000000d7200000,0x00000000d9100000,0x00000000d9100000)
  from space 5120K, 0% used [0x00000000d9600000,0x00000000d9600000,0x00000000d9b00000)
  to   space 5120K, 0% used [0x00000000d9100000,0x00000000d9100000,0x00000000d9600000)
 ParOldGen       total 84992K, used 0K [0x0000000085600000, 0x000000008a900000, 0x00000000d7200000)
  object space 84992K, 0% used [0x0000000085600000,0x0000000085600000,0x000000008a900000)
 Metaspace       used 15025K, capacity 15702K, committed 16000K, reserved 1062912K
  class space    used 2153K, capacity 2333K, committed 2432K, reserved 1048576K
Event: 1.199 GC heap after
Heap after GC invocations=1 (full 0):
 PSYoungGen      total 36864K, used 5088K [0x00000000d7200000, 0x00000000d9b00000, 0x0000000100000000)
  eden space 31744K, 0% used [0x00000000d7200000,0x00000000d7200000,0x00000000d9100000)
  from space 5120K, 99% used [0x00000000d9100000,0x00000000d95f8040,0x00000000d9600000)
  to   space 5120K, 0% used [0x00000000d9600000,0x00000000d9600000,0x00000000d9b00000)
 ParOldGen       total 84992K, used 284K [0x0000000085600000, 0x000000008a900000, 0x00000000d7200000)
  object space 84992K, 0% used [0x0000000085600000,0x0000000085647078,0x000000008a900000)
 Metaspace       used 15025K, capacity 15702K, committed 16000K, reserved 1062912K
  class space    used 2153K, capacity 2333K, committed 2432K, reserved 1048576K
}
Event: 6.680 GC heap before
{Heap before GC invocations=2 (full 0):
 PSYoungGen      total 36864K, used 20491K [0x00000000d7200000, 0x00000000d9b00000, 0x0000000100000000)
  eden space 31744K, 48% used [0x00000000d7200000,0x00000000d810ac40,0x00000000d9100000)
  from space 5120K, 99% used [0x00000000d9100000,0x00000000d95f8040,0x00000000d9600000)
  to   space 5120K, 0% used [0x00000000d9600000,0x00000000d9600000,0x00000000d9b00000)
 ParOldGen       total 84992K, used 284K [0x0000000085600000, 0x000000008a900000, 0x00000000d7200000)
  object space 84992K, 0% used [0x0000000085600000,0x0000000085647078,0x000000008a900000)
 Metaspace       used 19954K, capacity 21190K, committed 21296K, reserved 1067008K
  class space    used 2902K, capacity 3141K, committed 3200K, reserved 1048576K
Event: 6.696 GC heap after
Heap after GC invocations=2 (full 0):
 PSYoungGen      total 36864K, used 5104K [0x00000000d7200000, 0x00000000d9b00000, 0x0000000100000000)
  eden space 31744K, 0% used [0x00000000d7200000,0x00000000d7200000,0x00000000d9100000)
  from space 5120K, 99% used [0x00000000d9600000,0x00000000d9afc010,0x00000000d9b00000)
  to   space 5120K, 0% used [0x00000000d9100000,0x00000000d9100000,0x00000000d9600000)
 ParOldGen       total 84992K, used 3145K [0x0000000085600000, 0x000000008a900000, 0x00000000d7200000)
  object space 84992K, 3% used [0x0000000085600000,0x00000000859125c0,0x000000008a900000)
 Metaspace       used 19954K, capacity 21190K, committed 21296K, reserved 1067008K
  class space    used 2902K, capacity 3141K, committed 3200K, reserved 1048576K
}
Event: 6.696 GC heap before
{Heap before GC invocations=3 (full 1):
 PSYoungGen      total 36864K, used 5104K [0x00000000d7200000, 0x00000000d9b00000, 0x0000000100000000)
  eden space 31744K, 0% used [0x00000000d7200000,0x00000000d7200000,0x00000000d9100000)
  from space 5120K, 99% used [0x00000000d9600000,0x00000000d9afc010,0x00000000d9b00000)
  to   space 5120K, 0% used [0x00000000d9100000,0x00000000d9100000,0x00000000d9600000)
 ParOldGen       total 84992K, used 3145K [0x0000000085600000, 0x000000008a900000, 0x00000000d7200000)
  object space 84992K, 3% used [0x0000000085600000,0x00000000859125c0,0x000000008a900000)
 Metaspace       used 19954K, capacity 21190K, committed 21296K, reserved 1067008K
  class space    used 2902K, capacity 3141K, committed 3200K, reserved 1048576K
Event: 6.755 GC heap after
Heap after GC invocations=3 (full 1):
 PSYoungGen      total 36864K, used 0K [0x00000000d7200000, 0x00000000d9b00000, 0x0000000100000000)
  eden space 31744K, 0% used [0x00000000d7200000,0x00000000d7200000,0x00000000d9100000)
  from space 5120K, 0% used [0x00000000d9600000,0x00000000d9600000,0x00000000d9b00000)
  to   space 5120K, 0% used [0x00000000d9100000,0x00000000d9100000,0x00000000d9600000)
 ParOldGen       total 64512K, used 7955K [0x0000000085600000, 0x0000000089500000, 0x00000000d7200000)
  object space 64512K, 12% used [0x0000000085600000,0x0000000085dc4c90,0x0000000089500000)
 Metaspace       used 19954K, capacity 21190K, committed 21296K, reserved 1067008K
  class space    used 2902K, capacity 3141K, committed 3200K, reserved 1048576K
}

