# JRE version: Java(TM) SE Runtime Environment (8.0_191-b12) (build 1.8.0_191-b12)
# Java VM: Java HotSpot(TM) 64-Bit Server VM (25.191-b12 mixed mode linux-amd64 compressed oops)
Heap:
 PSYoungGen      total 36864K, used 7307K [0x00000000d7200000, 0x00000000d9b00000, 0x0000000100000000)
  eden space 31744K, 23% used [0x00000000d7200000,0x00000000d7922f38,0x00000000d9100000)
  from space 5120K, 0% used [0x00000000d9600000,0x00000000d9600000,0x00000000d9b00000)
  to   space 5120K, 0% used [0x00000000d9100000,0x00000000d9100000,0x00000000d9600000)
 ParOldGen       total 63488K, used 8596K [0x0000000085600000, 0x0000000089400000, 0x00000000d7200000)
  object space 63488K, 13% used [0x0000000085600000,0x0000000085e651a8,0x0000000089400000)
 Metaspace       used 27137K, capacity 28523K, committed 28672K, reserved 1073152K
  class space    used 3822K, capacity 4096K, committed 4096K, reserved 1048576K
GC Heap History (6 events):
Event: 1.341 GC heap before
{Heap before GC invocations=1 (full 0):
 PSYoungGen      total 36864K, used 31744K [0x00000000d7200000, 0x00000000d9b00000, 0x0000000100000000)
  eden space 31744K, 100% used [0x00000000d7200000,0x00000000d9100000,0x00000000d9100000)
  from space 5120K, 0% used [0x00000000d9600000,0x00000000d9600000,0x00000000d9b00000)
  to   space 5120K, 0% used [0x00000000d9100000,0x00000000d9100000,0x00000000d9600000)
 ParOldGen       total 84992K, used 0K [0x0000000085600000, 0x000000008a900000, 0x00000000d7200000)
  object space 84992K, 0% used [0x0000000085600000,0x0000000085600000,0x000000008a900000)
 Metaspace       used 15067K, capacity 15700K, committed 16000K, reserved 1062912K
  class space    used 2164K, capacity 2334K, committed 2432K, reserved 1048576K
Event: 1.353 GC heap after
Heap after GC invocations=1 (full 0):
 PSYoungGen      total 36864K, used 5104K [0x00000000d7200000, 0x00000000d9b00000, 0x0000000100000000)
  eden space 31744K, 0% used [0x00000000d7200000,0x00000000d7200000,0x00000000d9100000)
  from space 5120K, 99% used [0x00000000d9100000,0x00000000d95fc050,0x00000000d9600000)
  to   space 5120K, 0% used [0x00000000d9600000,0x00000000d9600000,0x00000000d9b00000)
 ParOldGen       total 84992K, used 255K [0x0000000085600000, 0x000000008a900000, 0x00000000d7200000)
  object space 84992K, 0% used [0x0000000085600000,0x000000008563ffe8,0x000000008a900000)
 Metaspace       used 15067K, capacity 15700K, committed 16000K, reserved 1062912K
  class space    used 2164K, capacity 2334K, committed 2432K, reserved 1048576K
}
Event: 8.180 GC heap before
{Heap before GC invocations=2 (full 0):
 PSYoungGen      total 36864K, used 25082K [0x00000000d7200000, 0x00000000d9b00000, 0x0000000100000000)
  eden space 31744K, 62% used [0x00000000d7200000,0x00000000d8582968,0x00000000d9100000)
  from space 5120K, 99% used [0x00000000d9100000,0x00000000d95fc050,0x00000000d9600000)
  to   space 5120K, 0% used [0x00000000d9600000,0x00000000d9600000,0x00000000d9b00000)
 ParOldGen       total 84992K, used 255K [0x0000000085600000, 0x000000008a900000, 0x00000000d7200000)
  object space 84992K, 0% used [0x0000000085600000,0x000000008563ffe8,0x000000008a900000)
 Metaspace       used 19951K, capacity 21289K, committed 21296K, reserved 1067008K
  class space    used 2921K, capacity 3193K, committed 3200K, reserved 1048576K
Event: 8.192 GC heap after
Heap after GC invocations=2 (full 0):
 PSYoungGen      total 36864K, used 5104K [0x00000000d7200000, 0x00000000d9b00000, 0x0000000100000000)
  eden space 31744K, 0% used [0x00000000d7200000,0x00000000d7200000,0x00000000d9100000)
  from space 5120K, 99% used [0x00000000d9600000,0x00000000d9afc088,0x00000000d9b00000)
  to   space 5120K, 0% used [0x00000000d9100000,0x00000000d9100000,0x00000000d9600000)
 ParOldGen       total 84992K, used 4127K [0x0000000085600000, 0x000000008a900000, 0x00000000d7200000)
  object space 84992K, 4% used [0x0000000085600000,0x0000000085a07c28,0x000000008a900000)
 Metaspace       used 19951K, capacity 21289K, committed 21296K, reserved 1067008K
  class space    used 2921K, capacity 3193K, committed 3200K, reserved 1048576K
}
Event: 8.192 GC heap before
{Heap before GC invocations=3 (full 1):
 PSYoungGen      total 36864K, used 5104K [0x00000000d7200000, 0x00000000d9b00000, 0x0000000100000000)
  eden space 31744K, 0% used [0x00000000d7200000,0x00000000d7200000,0x00000000d9100000)
  from space 5120K, 99% used [0x00000000d9600000,0x00000000d9afc088,0x00000000d9b00000)
  to   space 5120K, 0% used [0x00000000d9100000,0x00000000d9100000,0x00000000d9600000)
 ParOldGen       total 84992K, used 4127K [0x0000000085600000, 0x000000008a900000, 0x00000000d7200000)
  object space 84992K, 4% used [0x0000000085600000,0x0000000085a07c28,0x000000008a900000)
 Metaspace       used 19951K, capacity 21289K, committed 21296K, reserved 1067008K
  class space    used 2921K, capacity 3193K, committed 3200K, reserved 1048576K
Event: 8.245 GC heap after
Heap after GC invocations=3 (full 1):
 PSYoungGen      total 36864K, used 0K [0x00000000d7200000, 0x00000000d9b00000, 0x0000000100000000)
  eden space 31744K, 0% used [0x00000000d7200000,0x00000000d7200000,0x00000000d9100000)
  from space 5120K, 0% used [0x00000000d9600000,0x00000000d9600000,0x00000000d9b00000)
  to   space 5120K, 0% used [0x00000000d9100000,0x00000000d9100000,0x00000000d9600000)
 ParOldGen       total 63488K, used 8596K [0x0000000085600000, 0x0000000089400000, 0x00000000d7200000)
  object space 63488K, 13% used [0x0000000085600000,0x0000000085e651a8,0x0000000089400000)
 Metaspace       used 19951K, capacity 21289K, committed 21296K, reserved 1067008K
  class space    used 2921K, capacity 3193K, committed 3200K, reserved 1048576K
}

