# JRE version: Java(TM) SE Runtime Environment (8.0_191-b12) (build 1.8.0_191-b12)
# Java VM: Java HotSpot(TM) 64-Bit Server VM (25.191-b12 mixed mode linux-amd64 compressed oops)
Heap:
 PSYoungGen      total 36864K, used 7506K [0x00000000d7200000, 0x00000000d9b00000, 0x0000000100000000)
  eden space 31744K, 23% used [0x00000000d7200000,0x00000000d7954930,0x00000000d9100000)
  from space 5120K, 0% used [0x00000000d9600000,0x00000000d9600000,0x00000000d9b00000)
  to   space 5120K, 0% used [0x00000000d9100000,0x00000000d9100000,0x00000000d9600000)
 ParOldGen       total 67584K, used 8602K [0x0000000085600000, 0x0000000089800000, 0x00000000d7200000)
  object space 67584K, 12% used [0x0000000085600000,0x0000000085e66b80,0x0000000089800000)
 Metaspace       used 27173K, capacity 28581K, committed 29056K, reserved 1075200K
  class space    used 3822K, capacity 4097K, committed 4224K, reserved 1048576K
GC Heap History (6 events):
Event: 1.270 GC heap before
{Heap before GC invocations=1 (full 0):
 PSYoungGen      total 36864K, used 31744K [0x00000000d7200000, 0x00000000d9b00000, 0x0000000100000000)
  eden space 31744K, 100% used [0x00000000d7200000,0x00000000d9100000,0x00000000d9100000)
  from space 5120K, 0% used [0x00000000d9600000,0x00000000d9600000,0x00000000d9b00000)
  to   space 5120K, 0% used [0x00000000d9100000,0x00000000d9100000,0x00000000d9600000)
 ParOldGen       total 84992K, used 0K [0x0000000085600000, 0x000000008a900000, 0x00000000d7200000)
  object space 84992K, 0% used [0x0000000085600000,0x0000000085600000,0x000000008a900000)
 Metaspace       used 15085K, capacity 15704K, committed 16000K, reserved 1062912K
  class space    used 2162K, capacity 2334K, committed 2432K, reserved 1048576K
Event: 1.278 GC heap after
Heap after GC invocations=1 (full 0):
 PSYoungGen      total 36864K, used 5088K [0x00000000d7200000, 0x00000000d9b00000, 0x0000000100000000)
  eden space 31744K, 0% used [0x00000000d7200000,0x00000000d7200000,0x00000000d9100000)
  from space 5120K, 99% used [0x00000000d9100000,0x00000000d95f8040,0x00000000d9600000)
  to   space 5120K, 0% used [0x00000000d9600000,0x00000000d9600000,0x00000000d9b00000)
 ParOldGen       total 84992K, used 263K [0x0000000085600000, 0x000000008a900000, 0x00000000d7200000)
  object space 84992K, 0% used [0x0000000085600000,0x0000000085641fe8,0x000000008a900000)
 Metaspace       used 15085K, capacity 15704K, committed 16000K, reserved 1062912K
  class space    used 2162K, capacity 2334K, committed 2432K, reserved 1048576K
}
Event: 6.387 GC heap before
{Heap before GC invocations=2 (full 0):
 PSYoungGen      total 36864K, used 23880K [0x00000000d7200000, 0x00000000d9b00000, 0x0000000100000000)
  eden space 31744K, 59% used [0x00000000d7200000,0x00000000d845a098,0x00000000d9100000)
  from space 5120K, 99% used [0x00000000d9100000,0x00000000d95f8040,0x00000000d9600000)
  to   space 5120K, 0% used [0x00000000d9600000,0x00000000d9600000,0x00000000d9b00000)
 ParOldGen       total 84992K, used 263K [0x0000000085600000, 0x000000008a900000, 0x00000000d7200000)
  object space 84992K, 0% used [0x0000000085600000,0x0000000085641fe8,0x000000008a900000)
 Metaspace       used 19920K, capacity 21165K, committed 21296K, reserved 1067008K
  class space    used 2923K, capacity 3200K, committed 3200K, reserved 1048576K
Event: 6.398 GC heap after
Heap after GC invocations=2 (full 0):
 PSYoungGen      total 36864K, used 5088K [0x00000000d7200000, 0x00000000d9b00000, 0x0000000100000000)
  eden space 31744K, 0% used [0x00000000d7200000,0x00000000d7200000,0x00000000d9100000)
  from space 5120K, 99% used [0x00000000d9600000,0x00000000d9af8058,0x00000000d9b00000)
  to   space 5120K, 0% used [0x00000000d9100000,0x00000000d9100000,0x00000000d9600000)
 ParOldGen       total 84992K, used 4170K [0x0000000085600000, 0x000000008a900000, 0x00000000d7200000)
  object space 84992K, 4% used [0x0000000085600000,0x0000000085a12930,0x000000008a900000)
 Metaspace       used 19920K, capacity 21165K, committed 21296K, reserved 1067008K
  class space    used 2923K, capacity 3200K, committed 3200K, reserved 1048576K
}
Event: 6.398 GC heap before
{Heap before GC invocations=3 (full 1):
 PSYoungGen      total 36864K, used 5088K [0x00000000d7200000, 0x00000000d9b00000, 0x0000000100000000)
  eden space 31744K, 0% used [0x00000000d7200000,0x00000000d7200000,0x00000000d9100000)
  from space 5120K, 99% used [0x00000000d9600000,0x00000000d9af8058,0x00000000d9b00000)
  to   space 5120K, 0% used [0x00000000d9100000,0x00000000d9100000,0x00000000d9600000)
 ParOldGen       total 84992K, used 4170K [0x0000000085600000, 0x000000008a900000, 0x00000000d7200000)
  object space 84992K, 4% used [0x0000000085600000,0x0000000085a12930,0x000000008a900000)
 Metaspace       used 19920K, capacity 21165K, committed 21296K, reserved 1067008K
  class space    used 2923K, capacity 3200K, committed 3200K, reserved 1048576K
Event: 6.453 GC heap after
Heap after GC invocations=3 (full 1):
 PSYoungGen      total 36864K, used 0K [0x00000000d7200000, 0x00000000d9b00000, 0x0000000100000000)
  eden space 31744K, 0% used [0x00000000d7200000,0x00000000d7200000,0x00000000d9100000)
  from space 5120K, 0% used [0x00000000d9600000,0x00000000d9600000,0x00000000d9b00000)
  to   space 5120K, 0% used [0x00000000d9100000,0x00000000d9100000,0x00000000d9600000)
 ParOldGen       total 67584K, used 8602K [0x0000000085600000, 0x0000000089800000, 0x00000000d7200000)
  object space 67584K, 12% used [0x0000000085600000,0x0000000085e66b80,0x0000000089800000)
 Metaspace       used 19920K, capacity 21165K, committed 21296K, reserved 1067008K
  class space    used 2923K, capacity 3200K, committed 3200K, reserved 1048576K
}

